<?xml version="1.0" encoding="UTF-8"?>
<testng-results ignored="0" total="2" passed="2" failed="0" skipped="0">
  <reporter-output>
  </reporter-output>
  <suite started-at="2025-07-20T15:29:14 IST" name="Default suite" finished-at="2025-07-20T15:29:36 IST" duration-ms="21673">
    <groups>
    </groups>
    <test started-at="2025-07-20T15:29:14 IST" name="Default test" finished-at="2025-07-20T15:29:36 IST" duration-ms="21673">
      <class name="test.UpdateResume">
        <test-method is-config="true" signature="setup(java.lang.String)[pri:0, instance:test.UpdateResume@efde75f]" started-at="2025-07-20T15:29:01 IST" name="setup" finished-at="2025-07-20T15:29:14 IST" duration-ms="13230" status="PASS">
          <params>
            <param index="0">
              <value>
                <![CDATA[chrome]]>
              </value>
            </param>
          </params>
          <reporter-output>
          </reporter-output>
        </test-method> <!-- setup -->
        <test-method signature="naukriLogin()[pri:1, instance:test.UpdateResume@efde75f]" started-at="2025-07-20T15:29:14 IST" name="naukriLogin" finished-at="2025-07-20T15:29:27 IST" duration-ms="12550" status="PASS">
          <reporter-output>
          </reporter-output>
        </test-method> <!-- naukriLogin -->
        <test-method signature="updateNaukriResume()[pri:2, instance:test.UpdateResume@efde75f]" started-at="2025-07-20T15:29:27 IST" name="updateNaukriResume" finished-at="2025-07-20T15:29:36 IST" duration-ms="9046" status="PASS">
          <reporter-output>
          </reporter-output>
        </test-method> <!-- updateNaukriResume -->
        <test-method is-config="true" signature="teardown()[pri:0, instance:test.UpdateResume@efde75f]" started-at="2025-07-20T15:29:36 IST" name="teardown" finished-at="2025-07-20T15:29:40 IST" duration-ms="4449" status="PASS">
          <reporter-output>
          </reporter-output>
        </test-method> <!-- teardown -->
      </class> <!-- test.UpdateResume -->
    </test> <!-- Default test -->
  </suite> <!-- Default suite -->
</testng-results>
